<?xml version="1.0" encoding="UTF-8"?>
<robot generator="Robot 4.1.3 (Python 3.10.2 on darwin)" generated="20221012 15:58:49.979" rpa="false" schemaversion="2">
<suite id="s1" name="Pingler-Jaidee" source="/Users/thom-bullsphere/Documents/demo/bot-ping/cases/pingler-jaidee.robot">
<test id="s1-t1" name="1. Open Browser">
<kw name="Open New Browser" library="browser">
<arg>${url}</arg>
<kw name="Evaluate" library="BuiltIn">
<var>${chrome_options}</var>
<arg>sys.modules['selenium.webdriver'].ChromeOptions()</arg>
<arg>sys, selenium.webdriver</arg>
<doc>Evaluates the given expression in Python and returns the result.</doc>
<msg timestamp="20221012 15:58:50.058" level="INFO">${chrome_options} = &lt;selenium.webdriver.chrome.options.Options object at 0x105e86770&gt;</msg>
<status status="PASS" starttime="20221012 15:58:50.058" endtime="20221012 15:58:50.058"/>
</kw>
<kw name="Call Method" library="BuiltIn">
<arg>${chrome_options}</arg>
<arg>add_argument</arg>
<arg>--no-sandbox</arg>
<doc>Calls the named method of the given object with the provided arguments.</doc>
<status status="PASS" starttime="20221012 15:58:50.058" endtime="20221012 15:58:50.058"/>
</kw>
<kw name="Call Method" library="BuiltIn">
<arg>${chrome_options}</arg>
<arg>add_argument</arg>
<arg>--disable-gpu</arg>
<doc>Calls the named method of the given object with the provided arguments.</doc>
<status status="PASS" starttime="20221012 15:58:50.058" endtime="20221012 15:58:50.058"/>
</kw>
<kw name="Open Browser" library="Selenium2Library">
<arg>${url}</arg>
<arg>chrome</arg>
<arg>options=${chrome_options}</arg>
<doc>Opens a new browser instance to the optional ``url``.</doc>
<msg timestamp="20221012 15:58:50.058" level="INFO">Opening browser 'chrome' to base url 'https://pingler.com/'.</msg>
<status status="PASS" starttime="20221012 15:58:50.058" endtime="20221012 15:58:55.722"/>
</kw>
<status status="PASS" starttime="20221012 15:58:50.058" endtime="20221012 15:58:55.722"/>
</kw>
<kw name="Set Window Size" library="Selenium2Library">
<arg>800</arg>
<arg>600</arg>
<doc>Sets current windows size to given ``width`` and ``height``.</doc>
<status status="PASS" starttime="20221012 15:58:55.723" endtime="20221012 15:58:55.830"/>
</kw>
<status status="PASS" starttime="20221012 15:58:50.057" endtime="20221012 15:58:55.830"/>
</test>
<test id="s1-t2" name="2. กรอก Input">
<kw name="Input Text" library="Selenium2Library">
<arg>name=title</arg>
<arg>${TITLE}</arg>
<doc>Types the given ``text`` into the text field identified by ``locator``.</doc>
<msg timestamp="20221012 15:58:55.831" level="INFO">Typing text 'รับออกแบบเว็บไซต์ เชียงใหม่' into text field 'name=title'.</msg>
<status status="PASS" starttime="20221012 15:58:55.831" endtime="20221012 15:58:55.910"/>
</kw>
<kw name="Input Text" library="Selenium2Library">
<arg>name=url</arg>
<arg>${URL_ENDPOINT}</arg>
<doc>Types the given ``text`` into the text field identified by ``locator``.</doc>
<msg timestamp="20221012 15:58:55.911" level="INFO">Typing text 'https://jaidee-webdesign.com' into text field 'name=url'.</msg>
<status status="PASS" starttime="20221012 15:58:55.910" endtime="20221012 15:58:55.954"/>
</kw>
<status status="PASS" starttime="20221012 15:58:55.830" endtime="20221012 15:58:55.955"/>
</test>
<test id="s1-t3" name="3. checkbox check">
<kw name="Select Checkbox" library="Selenium2Library">
<arg>name=category[]</arg>
<doc>Selects the checkbox identified by ``locator``.</doc>
<msg timestamp="20221012 15:58:55.956" level="INFO">Selecting checkbox 'name=category[]'.</msg>
<status status="PASS" starttime="20221012 15:58:55.955" endtime="20221012 15:58:56.364"/>
</kw>
<status status="PASS" starttime="20221012 15:58:55.955" endtime="20221012 15:58:56.364"/>
</test>
<test id="s1-t4" name="4. submit">
<kw name="Click Button" library="Selenium2Library">
<arg>class=btn-custom</arg>
<doc>Clicks the button identified by ``locator``.</doc>
<msg timestamp="20221012 15:58:56.365" level="INFO">Clicking button 'class=btn-custom'.</msg>
<status status="PASS" starttime="20221012 15:58:56.364" endtime="20221012 15:58:56.397"/>
</kw>
<status status="PASS" starttime="20221012 15:58:56.364" endtime="20221012 15:58:56.397"/>
</test>
<test id="s1-t5" name="5. delay 60 sec">
<kw name="Sleep" library="BuiltIn">
<arg>2 minutes</arg>
<doc>Pauses the test executed for the given time.</doc>
<msg timestamp="20221012 16:00:56.400" level="INFO">Slept 2 minutes</msg>
<status status="PASS" starttime="20221012 15:58:56.397" endtime="20221012 16:00:56.402"/>
</kw>
<kw name="Close Browser" library="Selenium2Library">
<doc>Closes the current browser.</doc>
<status status="PASS" starttime="20221012 16:00:56.403" endtime="20221012 16:00:56.510"/>
</kw>
<status status="PASS" starttime="20221012 15:58:56.397" endtime="20221012 16:00:56.510"/>
</test>
<doc>This .robot file is a test detail log</doc>
<status status="PASS" starttime="20221012 15:58:49.979" endtime="20221012 16:00:56.510"/>
</suite>
<statistics>
<total>
<stat pass="5" fail="0" skip="0">All Tests</stat>
</total>
<tag>
</tag>
<suite>
<stat pass="5" fail="0" skip="0" id="s1" name="Pingler-Jaidee">Pingler-Jaidee</stat>
</suite>
</statistics>
<errors>
</errors>
</robot>
