<?xml version="1.0" encoding="UTF-8"?>
<robot generator="Robot 4.1.3 (Python 3.10.2 on darwin)" generated="20221017 09:39:04.160" rpa="false" schemaversion="2">
<suite id="s1" name="Pingler" source="/Users/thom-bullsphere/Documents/demo/bot-ping/cases/pingler.robot">
<test id="s1-t1" name="1. Open Browser">
<kw name="Open New Browser" library="browser">
<arg>${url}</arg>
<kw name="Evaluate" library="BuiltIn">
<var>${chrome_options}</var>
<arg>sys.modules['selenium.webdriver'].ChromeOptions()</arg>
<arg>sys, selenium.webdriver</arg>
<doc>Evaluates the given expression in Python and returns the result.</doc>
<msg timestamp="20221017 09:39:04.232" level="INFO">${chrome_options} = &lt;selenium.webdriver.chrome.options.Options object at 0x1047b7730&gt;</msg>
<status status="PASS" starttime="20221017 09:39:04.231" endtime="20221017 09:39:04.232"/>
</kw>
<kw name="Call Method" library="BuiltIn">
<arg>${chrome_options}</arg>
<arg>add_argument</arg>
<arg>--no-sandbox</arg>
<doc>Calls the named method of the given object with the provided arguments.</doc>
<status status="PASS" starttime="20221017 09:39:04.232" endtime="20221017 09:39:04.232"/>
</kw>
<kw name="Call Method" library="BuiltIn">
<arg>${chrome_options}</arg>
<arg>add_argument</arg>
<arg>--headless</arg>
<doc>Calls the named method of the given object with the provided arguments.</doc>
<status status="PASS" starttime="20221017 09:39:04.232" endtime="20221017 09:39:04.232"/>
</kw>
<kw name="Call Method" library="BuiltIn">
<arg>${chrome_options}</arg>
<arg>add_argument</arg>
<arg>--disable-gpu</arg>
<doc>Calls the named method of the given object with the provided arguments.</doc>
<status status="PASS" starttime="20221017 09:39:04.232" endtime="20221017 09:39:04.232"/>
</kw>
<kw name="Open Browser" library="Selenium2Library">
<arg>${url}</arg>
<arg>chrome</arg>
<arg>options=${chrome_options}</arg>
<doc>Opens a new browser instance to the optional ``url``.</doc>
<msg timestamp="20221017 09:39:04.232" level="INFO">Opening browser 'chrome' to base url 'https://pingler.com/'.</msg>
<status status="PASS" starttime="20221017 09:39:04.232" endtime="20221017 09:39:10.067"/>
</kw>
<status status="PASS" starttime="20221017 09:39:04.231" endtime="20221017 09:39:10.067"/>
</kw>
<kw name="Set Window Size" library="Selenium2Library">
<arg>800</arg>
<arg>600</arg>
<doc>Sets current windows size to given ``width`` and ``height``.</doc>
<status status="PASS" starttime="20221017 09:39:10.067" endtime="20221017 09:39:10.170"/>
</kw>
<status status="PASS" starttime="20221017 09:39:04.231" endtime="20221017 09:39:10.170"/>
</test>
<test id="s1-t2" name="2. กรอก Input">
<kw name="Input Text" library="Selenium2Library">
<arg>name=title</arg>
<arg>${TITLE}</arg>
<doc>Types the given ``text`` into the text field identified by ``locator``.</doc>
<msg timestamp="20221017 09:39:10.171" level="INFO">Typing text 'รับผลิตสมุนไพร' into text field 'name=title'.</msg>
<status status="PASS" starttime="20221017 09:39:10.170" endtime="20221017 09:39:10.240"/>
</kw>
<kw name="Input Text" library="Selenium2Library">
<arg>name=url</arg>
<arg>${URL_ENDPOINT}</arg>
<doc>Types the given ``text`` into the text field identified by ``locator``.</doc>
<msg timestamp="20221017 09:39:10.241" level="INFO">Typing text 'https://amarin-pharma.com/%E0%B8%A3%E0%B8%B1%E0%B8%9A%E0%B8%9C%E0%B8%A5%E0%B8%B4%E0%B8%95%E0%B8%AD%E0%B8%B2%E0%B8%AB%E0%B8%B2%E0%B8%A3%E0%B9%80%E0%B8%AA%E0%B8%A3%E0%B8%B4%E0%B8%A1-sales-page/' into text field 'name=url'.</msg>
<status status="PASS" starttime="20221017 09:39:10.241" endtime="20221017 09:39:10.321"/>
</kw>
<status status="PASS" starttime="20221017 09:39:10.170" endtime="20221017 09:39:10.321"/>
</test>
<test id="s1-t3" name="3. checkbox check">
<kw name="Select Checkbox" library="Selenium2Library">
<arg>name=category[]</arg>
<doc>Selects the checkbox identified by ``locator``.</doc>
<msg timestamp="20221017 09:39:10.321" level="INFO">Selecting checkbox 'name=category[]'.</msg>
<status status="PASS" starttime="20221017 09:39:10.321" endtime="20221017 09:39:10.672"/>
</kw>
<status status="PASS" starttime="20221017 09:39:10.321" endtime="20221017 09:39:10.672"/>
</test>
<test id="s1-t4" name="4. submit">
<kw name="Click Button" library="Selenium2Library">
<arg>class=btn-custom</arg>
<doc>Clicks the button identified by ``locator``.</doc>
<msg timestamp="20221017 09:39:10.673" level="INFO">Clicking button 'class=btn-custom'.</msg>
<status status="PASS" starttime="20221017 09:39:10.673" endtime="20221017 09:39:10.742"/>
</kw>
<status status="PASS" starttime="20221017 09:39:10.672" endtime="20221017 09:39:10.742"/>
</test>
<test id="s1-t5" name="5. delay 60 sec">
<kw name="Sleep" library="BuiltIn">
<arg>1 minutes</arg>
<doc>Pauses the test executed for the given time.</doc>
<msg timestamp="20221017 09:40:10.745" level="INFO">Slept 1 minute</msg>
<status status="PASS" starttime="20221017 09:39:10.743" endtime="20221017 09:40:10.746"/>
</kw>
<kw name="Close Browser" library="Selenium2Library">
<doc>Closes the current browser.</doc>
<status status="PASS" starttime="20221017 09:40:10.747" endtime="20221017 09:40:10.826"/>
</kw>
<status status="PASS" starttime="20221017 09:39:10.742" endtime="20221017 09:40:10.826"/>
</test>
<doc>This .robot file is a test detail log</doc>
<status status="PASS" starttime="20221017 09:39:04.160" endtime="20221017 09:40:10.827"/>
</suite>
<statistics>
<total>
<stat pass="5" fail="0" skip="0">All Tests</stat>
</total>
<tag>
</tag>
<suite>
<stat pass="5" fail="0" skip="0" id="s1" name="Pingler">Pingler</stat>
</suite>
</statistics>
<errors>
</errors>
</robot>
